1716663372798:help
1716663384900:history
1716663393137:version
1716664061653:Fs commands
1716664066398:help
1716664079733:minimum-free-disk-space
1716664768708:help
1716664775062:free-disk-space
1716666055180:help
1716666060455:free-disk-space
1716666162779:exit
1716666488514:exit\\\nexit
1716666490247:exit
1716670610474:help
1716670617667:show-photo
1716670636311:show-photo images
1716670642282:ls
1716670725967:show-photo
1716670731877:show-photo images
1716670889340:exit
1716670902866:show-photo
1716670914644:show-photo images
1716670957202:show-photo Screenshot_1
1716670994634:show-photo images
